<?xml version="1.0" encoding="UTF-8"?>
<testsuite xmlns:xsi="http://www.w3.org/2001/XMLSchema-instance" xsi:noNamespaceSchemaLocation="https://maven.apache.org/surefire/maven-surefire-plugin/xsd/surefire-test-report.xsd" name="ru.netology.javaqa.javaqamvn.services.StatisticServiceTest" time="0.025" tests="1" errors="1" skipped="0" failures="0">
  <properties>
[...]
</properties>
  <testcase name="shouldFindMinSumm" classname="ru.netology.javaqa.javaqamvn.services.StatisticServiceTest" time="0.022">
    <error message="Index 12 out of bounds for length 12" type="java.lang.ArrayIndexOutOfBoundsException">java.lang.ArrayIndexOutOfBoundsException: Index 12 out of bounds for length 12
	at ru.netology.javaqa.javaqamvn.services.StatisticServiceTest.shouldFindMinSumm(StatisticServiceTest.java:13)
</error>
  </testcase>
</testsuite>